# JRE version: Java(TM) SE Runtime Environment (21.0.6+8) (build 21.0.6+8-LTS-188)
# Java VM: Java HotSpot(TM) 64-Bit Server VM (21.0.6+8-LTS-188, mixed mode, sharing, tiered, compressed oops, compressed class ptrs, g1 gc, windows-amd64)
GC Precious Log:
 CardTable entry size: 512
 Card Set container configuration: InlinePtr #cards 4 size 8 Array Of Cards #cards 16 size 48 Howl #buckets 8 coarsen threshold 3686 Howl Bitmap #cards 512 size 80 coarsen threshold 460 Card regions per heap region 1 cards per card region 4096
 CPUs: 16 total, 16 available
 Memory: 15554M
 Large Page Support: Disabled
 NUMA Support: Disabled
 Compressed Oops: Enabled (Zero based)
 Heap Region Size: 2M
 Heap Min Capacity: 8M
 Heap Initial Capacity: 244M
 Heap Max Capacity: 3890M
 Pre-touch: Disabled
 Parallel Workers: 13
 Concurrent Workers: 3
 Concurrent Refinement Workers: 13
 Periodic GC: Disabled
Heap:
 garbage-first heap   total 120832K, used 51033K [0x000000070ce00000, 0x0000000800000000)
  region size 2048K, 2 young (4096K), 1 survivors (2048K)
 Metaspace       used 37727K, committed 38272K, reserved 1114112K
  class space    used 4049K, committed 4288K, reserved 1048576K
GC Heap History (20 events):
Event: 5.424 GC heap after
{Heap after GC invocations=7 (full 0):
 garbage-first heap   total 73728K, used 18430K [0x000000070ce00000, 0x0000000800000000)
  region size 2048K, 2 young (4096K), 2 survivors (4096K)
 Metaspace       used 31873K, committed 32384K, reserved 1114112K
  class space    used 3564K, committed 3776K, reserved 1048576K
}
Event: 6.158 GC heap before
{Heap before GC invocations=7 (full 0):
 garbage-first heap   total 73728K, used 55294K [0x000000070ce00000, 0x0000000800000000)
  region size 2048K, 21 young (43008K), 2 survivors (4096K)
 Metaspace       used 33092K, committed 33536K, reserved 1114112K
  class space    used 3696K, committed 3904K, reserved 1048576K
}
Event: 6.166 GC heap after
{Heap after GC invocations=8 (full 0):
 garbage-first heap   total 73728K, used 21945K [0x000000070ce00000, 0x0000000800000000)
  region size 2048K, 3 young (6144K), 3 survivors (6144K)
 Metaspace       used 33092K, committed 33536K, reserved 1114112K
  class space    used 3696K, committed 3904K, reserved 1048576K
}
Event: 6.851 GC heap before
{Heap before GC invocations=8 (full 0):
 garbage-first heap   total 73728K, used 56761K [0x000000070ce00000, 0x0000000800000000)
  region size 2048K, 21 young (43008K), 3 survivors (6144K)
 Metaspace       used 33391K, committed 33856K, reserved 1114112K
  class space    used 3712K, committed 3904K, reserved 1048576K
}
Event: 6.860 GC heap after
{Heap after GC invocations=9 (full 0):
 garbage-first heap   total 73728K, used 25548K [0x000000070ce00000, 0x0000000800000000)
  region size 2048K, 3 young (6144K), 3 survivors (6144K)
 Metaspace       used 33391K, committed 33856K, reserved 1114112K
  class space    used 3712K, committed 3904K, reserved 1048576K
}
Event: 7.064 GC heap before
{Heap before GC invocations=9 (full 0):
 garbage-first heap   total 73728K, used 48076K [0x000000070ce00000, 0x0000000800000000)
  region size 2048K, 11 young (22528K), 3 survivors (6144K)
 Metaspace       used 33460K, committed 33920K, reserved 1114112K
  class space    used 3715K, committed 3904K, reserved 1048576K
}
Event: 7.068 GC heap after
{Heap after GC invocations=10 (full 0):
 garbage-first heap   total 94208K, used 54468K [0x000000070ce00000, 0x0000000800000000)
  region size 2048K, 3 young (6144K), 3 survivors (6144K)
 Metaspace       used 33460K, committed 33920K, reserved 1114112K
  class space    used 3715K, committed 3904K, reserved 1048576K
}
Event: 8.049 GC heap before
{Heap before GC invocations=11 (full 0):
 garbage-first heap   total 100352K, used 83140K [0x000000070ce00000, 0x0000000800000000)
  region size 2048K, 12 young (24576K), 3 survivors (6144K)
 Metaspace       used 33738K, committed 34240K, reserved 1114112K
  class space    used 3728K, committed 3968K, reserved 1048576K
}
Event: 8.050 GC heap after
{Heap after GC invocations=12 (full 0):
 garbage-first heap   total 100352K, used 39289K [0x000000070ce00000, 0x0000000800000000)
  region size 2048K, 1 young (2048K), 1 survivors (2048K)
 Metaspace       used 33738K, committed 34240K, reserved 1114112K
  class space    used 3728K, committed 3968K, reserved 1048576K
}
Event: 8.845 GC heap before
{Heap before GC invocations=12 (full 0):
 garbage-first heap   total 100352K, used 78201K [0x000000070ce00000, 0x0000000800000000)
  region size 2048K, 20 young (40960K), 1 survivors (2048K)
 Metaspace       used 34471K, committed 34944K, reserved 1114112K
  class space    used 3772K, committed 3968K, reserved 1048576K
}
Event: 8.850 GC heap after
{Heap after GC invocations=13 (full 0):
 garbage-first heap   total 100352K, used 44025K [0x000000070ce00000, 0x0000000800000000)
  region size 2048K, 3 young (6144K), 3 survivors (6144K)
 Metaspace       used 34471K, committed 34944K, reserved 1114112K
  class space    used 3772K, committed 3968K, reserved 1048576K
}
Event: 9.266 GC heap before
{Heap before GC invocations=13 (full 0):
 garbage-first heap   total 100352K, used 80889K [0x000000070ce00000, 0x0000000800000000)
  region size 2048K, 21 young (43008K), 3 survivors (6144K)
 Metaspace       used 34891K, committed 35456K, reserved 1114112K
  class space    used 3794K, committed 4032K, reserved 1048576K
}
Event: 9.275 GC heap after
{Heap after GC invocations=14 (full 0):
 garbage-first heap   total 100352K, used 49209K [0x000000070ce00000, 0x0000000800000000)
  region size 2048K, 3 young (6144K), 3 survivors (6144K)
 Metaspace       used 34891K, committed 35456K, reserved 1114112K
  class space    used 3794K, committed 4032K, reserved 1048576K
}
Event: 9.809 GC heap before
{Heap before GC invocations=14 (full 0):
 garbage-first heap   total 100352K, used 79929K [0x000000070ce00000, 0x0000000800000000)
  region size 2048K, 18 young (36864K), 3 survivors (6144K)
 Metaspace       used 35130K, committed 35648K, reserved 1114112K
  class space    used 3808K, committed 4032K, reserved 1048576K
}
Event: 9.817 GC heap after
{Heap after GC invocations=15 (full 0):
 garbage-first heap   total 100352K, used 51963K [0x000000070ce00000, 0x0000000800000000)
  region size 2048K, 2 young (4096K), 2 survivors (4096K)
 Metaspace       used 35130K, committed 35648K, reserved 1114112K
  class space    used 3808K, committed 4032K, reserved 1048576K
}
Event: 11.049 GC heap before
{Heap before GC invocations=15 (full 0):
 garbage-first heap   total 100352K, used 82683K [0x000000070ce00000, 0x0000000800000000)
  region size 2048K, 17 young (34816K), 2 survivors (4096K)
 Metaspace       used 36803K, committed 37376K, reserved 1114112K
  class space    used 4004K, committed 4288K, reserved 1048576K
}
Event: 11.052 GC heap after
{Heap after GC invocations=16 (full 0):
 garbage-first heap   total 100352K, used 50801K [0x000000070ce00000, 0x0000000800000000)
  region size 2048K, 1 young (2048K), 1 survivors (2048K)
 Metaspace       used 36803K, committed 37376K, reserved 1114112K
  class space    used 4004K, committed 4288K, reserved 1048576K
}
Event: 12.096 GC heap before
{Heap before GC invocations=17 (full 0):
 garbage-first heap   total 100352K, used 77425K [0x000000070ce00000, 0x0000000800000000)
  region size 2048K, 18 young (36864K), 1 survivors (2048K)
 Metaspace       used 37463K, committed 37952K, reserved 1114112K
  class space    used 4045K, committed 4288K, reserved 1048576K
}
Event: 12.104 GC heap after
{Heap after GC invocations=18 (full 0):
 garbage-first heap   total 120832K, used 49450K [0x000000070ce00000, 0x0000000800000000)
  region size 2048K, 3 young (6144K), 3 survivors (6144K)
 Metaspace       used 37463K, committed 37952K, reserved 1114112K
  class space    used 4045K, committed 4288K, reserved 1048576K
}
Event: 12.639 GC heap before
{Heap before GC invocations=18 (full 0):
 garbage-first heap   total 120832K, used 102698K [0x000000070ce00000, 0x0000000800000000)
  region size 2048K, 28 young (57344K), 3 survivors (6144K)
 Metaspace       used 37612K, committed 38144K, reserved 1114112K
  class space    used 4047K, committed 4288K, reserved 1048576K
}

